app/build/intermediates/manifest_merge_blame_file/debug/manifest-merger-blame-debug-report.txt
1<?xml version="1.0" encoding="utf-8"?>
2<manifest xmlns:android="http://schemas.android.com/apk/res/android"
3    package="com.example.zohocreatorsdk.sampleapp"
4    android:versionCode="1"
5    android:versionName="1.0" >
6
7    <uses-sdk
8        android:minSdkVersion="16"
8-->src\main\AndroidManifest.xml
9        android:targetSdkVersion="27" />
9-->src\main\AndroidManifest.xml
10
11    <uses-permission android:name="android.permission.INTERNET" />
11-->src\main\AndroidManifest.xml:5:5-67
11-->src\main\AndroidManifest.xml:5:22-64
12    <uses-permission android:name="android.permission.ACCESS_NETWORK_STATE" />
12-->[com.zoho.creator:creator-ui:1.0] AndroidManifest.xml:4:3-76
12-->[com.zoho.creator:creator-ui:1.0] AndroidManifest.xml:4:20-74
13    <uses-permission android:name="android.permission.USE_FINGERPRINT" />
13-->[com.zoho.creator:creator-ui:1.0] AndroidManifest.xml:5:3-71
13-->[com.zoho.creator:creator-ui:1.0] AndroidManifest.xml:5:20-69
14    <uses-permission android:name="android.permission.WRITE_EXTERNAL_STORAGE" />
14-->[com.zoho.creator:creator-ui:1.0] AndroidManifest.xml:6:3-78
14-->[com.zoho.creator:creator-ui:1.0] AndroidManifest.xml:6:20-76
15    <uses-permission android:name="android.permission.READ_EXTERNAL_STORAGE" />
15-->[com.zoho.creator:creator-ui:1.0] AndroidManifest.xml:7:3-77
15-->[com.zoho.creator:creator-ui:1.0] AndroidManifest.xml:7:20-75
16    <uses-permission android:name="android.permission.permRead" />
16-->[com.zoho.creator:creator-ui:1.0] AndroidManifest.xml:8:3-64
16-->[com.zoho.creator:creator-ui:1.0] AndroidManifest.xml:8:20-62
17    <uses-permission android:name="android.permission.VIBRATE" />
17-->[com.zoho.creator:creator-ui:1.0] AndroidManifest.xml:9:3-63
17-->[com.zoho.creator:creator-ui:1.0] AndroidManifest.xml:9:20-61
18    <uses-permission android:name="android.permission.GET_ACCOUNTS" />
18-->[com.zoho.creator:creator-ui:1.0] AndroidManifest.xml:10:3-68
18-->[com.zoho.creator:creator-ui:1.0] AndroidManifest.xml:10:20-66
19    <uses-permission android:name="android.permission.SYSTEM_ALERT_WINDOW" />
19-->[com.zoho.creator:creator-ui:1.0] AndroidManifest.xml:11:3-75
19-->[com.zoho.creator:creator-ui:1.0] AndroidManifest.xml:11:20-73
20    <uses-permission android:name="android.permission.ACCESS_COARSE_LOCATION" />
20-->[com.zoho.creator:creator-ui:1.0] AndroidManifest.xml:12:3-78
20-->[com.zoho.creator:creator-ui:1.0] AndroidManifest.xml:12:20-76
21    <uses-permission android:name="android.permission.ACCESS_FINE_LOCATION" />
21-->[com.zoho.creator:creator-ui:1.0] AndroidManifest.xml:13:3-76
21-->[com.zoho.creator:creator-ui:1.0] AndroidManifest.xml:13:20-74
22    <uses-permission android:name="android.permission.CAMERA" />
22-->[com.zoho.creator:creator-ui:1.0] AndroidManifest.xml:14:3-62
22-->[com.zoho.creator:creator-ui:1.0] AndroidManifest.xml:14:20-60
23    <uses-permission android:name="android.permission.RECORD_AUDIO" />
23-->[com.zoho.creator:creator-ui:1.0] AndroidManifest.xml:15:3-68
23-->[com.zoho.creator:creator-ui:1.0] AndroidManifest.xml:15:20-66
24    <uses-permission android:name="android.permission.WRITE_CONTACTS" />
24-->[com.zoho.creator:creator-ui:1.0] AndroidManifest.xml:16:3-70
24-->[com.zoho.creator:creator-ui:1.0] AndroidManifest.xml:16:20-68
25    <uses-permission android:name="android.permission.DOWNLOAD_WITHOUT_NOTIFICATION" />
25-->[com.zoho.creator:creator-ui:1.0] AndroidManifest.xml:17:3-85
25-->[com.zoho.creator:creator-ui:1.0] AndroidManifest.xml:17:20-83
26    <uses-permission android:name="android.permission.READ_PHONE_STATE" />
26-->[com.zoho.creator:creator-ui:1.0] AndroidManifest.xml:18:3-72
26-->[com.zoho.creator:creator-ui:1.0] AndroidManifest.xml:18:20-70
27    <uses-permission android:name="android.permission.READ_CONTACTS" />
27-->[com.zoho.creator:creator-ui:1.0] AndroidManifest.xml:19:3-69
27-->[com.zoho.creator:creator-ui:1.0] AndroidManifest.xml:19:20-67
28    <uses-permission android:name="android.permission.RECEIVE_BOOT_COMPLETED" />
28-->[com.zoho.creator:creator-ui:1.0] AndroidManifest.xml:20:3-78
28-->[com.zoho.creator:creator-ui:1.0] AndroidManifest.xml:20:20-76
29
30    <uses-feature
30-->[com.zoho.creator:creator-ui:1.0] AndroidManifest.xml:21:3-96
31        android:name="android.hardware.sensor.accelerometer"
31-->[com.zoho.creator:creator-ui:1.0] AndroidManifest.xml:21:17-69
32        android:required="false" />
32-->[com.zoho.creator:creator-ui:1.0] AndroidManifest.xml:21:70-94
33    <uses-feature
33-->[com.zoho.creator:creator-ui:1.0] AndroidManifest.xml:22:3-87
34        android:name="android.permission.BLUETOOTH"
34-->[com.zoho.creator:creator-ui:1.0] AndroidManifest.xml:22:17-60
35        android:required="false" />
35-->[com.zoho.creator:creator-ui:1.0] AndroidManifest.xml:22:61-85
36    <uses-feature
36-->[com.zoho.creator:creator-ui:1.0] AndroidManifest.xml:23:3-93
37        android:name="android.permission.BLUETOOTH_ADMIN"
37-->[com.zoho.creator:creator-ui:1.0] AndroidManifest.xml:23:17-66
38        android:required="false" />
38-->[com.zoho.creator:creator-ui:1.0] AndroidManifest.xml:23:67-91
39    <uses-feature
39-->[com.zoho.creator:creator-ui:1.0] AndroidManifest.xml:24:3-82
40        android:name="android.hardware.Camera"
40-->[com.zoho.creator:creator-ui:1.0] AndroidManifest.xml:24:17-55
41        android:required="false" />
41-->[com.zoho.creator:creator-ui:1.0] AndroidManifest.xml:24:56-80
42    <uses-feature
42-->[com.zoho.creator:creator-ui:1.0] AndroidManifest.xml:25:3-150
43        android:name="android.hardware.camera"
43-->[com.zoho.creator:creator-ui:1.0] AndroidManifest.xml:25:17-55
44        android:required="false" />
44-->[com.zoho.creator:creator-ui:1.0] AndroidManifest.xml:25:56-80
45    <uses-feature
45-->[com.zoho.creator:creator-ui:1.0] AndroidManifest.xml:26:3-160
46        android:name="android.hardware.camera.autofocus"
46-->[com.zoho.creator:creator-ui:1.0] AndroidManifest.xml:26:17-65
47        android:required="false" />
47-->[com.zoho.creator:creator-ui:1.0] AndroidManifest.xml:26:66-90
48    <uses-feature
48-->[com.zoho.creator:creator-ui:1.0] AndroidManifest.xml:27:3-92
49        android:name="android.hardware.location.network"
49-->[com.zoho.creator:creator-ui:1.0] AndroidManifest.xml:27:17-65
50        android:required="false" />
50-->[com.zoho.creator:creator-ui:1.0] AndroidManifest.xml:27:66-90
51    <uses-feature
51-->[com.zoho.creator:creator-ui:1.0] AndroidManifest.xml:28:3-148
52        android:name="android.hardware.wifi"
52-->[com.zoho.creator:creator-ui:1.0] AndroidManifest.xml:28:17-53
53        android:required="false" />
53-->[com.zoho.creator:creator-ui:1.0] AndroidManifest.xml:28:54-78
54    <uses-feature
54-->[com.zoho.creator:creator-ui:1.0] AndroidManifest.xml:29:3-156
55        android:name="android.hardware.location.gps"
55-->[com.zoho.creator:creator-ui:1.0] AndroidManifest.xml:29:17-61
56        android:required="false" />
56-->[com.zoho.creator:creator-ui:1.0] AndroidManifest.xml:29:62-86
57    <uses-feature
57-->[com.zoho.creator:creator-ui:1.0] AndroidManifest.xml:30:3-152
58        android:name="android.hardware.location"
58-->[com.zoho.creator:creator-ui:1.0] AndroidManifest.xml:30:17-57
59        android:required="false" />
59-->[com.zoho.creator:creator-ui:1.0] AndroidManifest.xml:30:58-82
60    <uses-feature
60-->[com.zoho.creator:creator-ui:1.0] AndroidManifest.xml:31:3-91
61        android:name="android.hardware.screen.portrait"
61-->[com.zoho.creator:creator-ui:1.0] AndroidManifest.xml:31:17-64
62        android:required="false" />
62-->[com.zoho.creator:creator-ui:1.0] AndroidManifest.xml:31:65-89
63    <uses-feature
63-->[com.zoho.creator:creator-ui:1.0] AndroidManifest.xml:32:3-87
64        android:name="android.hardware.touchscreen"
64-->[com.zoho.creator:creator-ui:1.0] AndroidManifest.xml:32:17-60
65        android:required="false" />
65-->[com.zoho.creator:creator-ui:1.0] AndroidManifest.xml:32:61-85
66    <uses-feature
66-->[com.zoho.creator:creator-ui:1.0] AndroidManifest.xml:33:3-86
67        android:name="android.hardware.microphone"
67-->[com.zoho.creator:creator-ui:1.0] AndroidManifest.xml:33:17-59
68        android:required="false" />
68-->[com.zoho.creator:creator-ui:1.0] AndroidManifest.xml:33:60-84
69    <uses-feature
69-->[com.google.android.gms:play-services-maps:15.0.1] AndroidManifest.xml:26:5-28:35
70        android:glEsVersion="0x00020000"
70-->[com.google.android.gms:play-services-maps:15.0.1] AndroidManifest.xml:27:9-41
71        android:required="true" />
71-->[com.google.android.gms:play-services-maps:15.0.1] AndroidManifest.xml:28:9-32
72
73    <uses-permission android:name="android.permission.WAKE_LOCK" />
73-->[com.google.firebase:firebase-measurement-connector-impl:15.0.0] AndroidManifest.xml:24:5-68
73-->[com.google.firebase:firebase-measurement-connector-impl:15.0.0] AndroidManifest.xml:24:22-65
74    <uses-permission android:name="com.google.android.finsky.permission.BIND_GET_INSTALL_REFERRER_SERVICE" /> <!-- Required by older versions of Google Play services to create IID tokens -->
74-->[com.google.firebase:firebase-analytics:15.0.2] AndroidManifest.xml:26:5-110
74-->[com.google.firebase:firebase-analytics:15.0.2] AndroidManifest.xml:26:22-107
75    <uses-permission android:name="com.google.android.c2dm.permission.RECEIVE" />
75-->[com.google.firebase:firebase-iid:15.1.0] AndroidManifest.xml:26:5-82
75-->[com.google.firebase:firebase-iid:15.1.0] AndroidManifest.xml:26:22-79
76
77    <permission
77-->[com.google.firebase:firebase-iid:15.1.0] AndroidManifest.xml:28:5-30:47
78        android:name="com.example.zohocreatorsdk.sampleapp.permission.C2D_MESSAGE"
78-->[com.google.firebase:firebase-iid:15.1.0] AndroidManifest.xml:29:9-63
79        android:protectionLevel="signature" />
79-->[com.google.firebase:firebase-iid:15.1.0] AndroidManifest.xml:30:9-44
80
81    <uses-permission android:name="com.example.zohocreatorsdk.sampleapp.permission.C2D_MESSAGE" />
81-->[com.google.firebase:firebase-iid:15.1.0] AndroidManifest.xml:32:5-79
81-->[com.google.firebase:firebase-iid:15.1.0] AndroidManifest.xml:32:22-76
82
83    <application
83-->src\main\AndroidManifest.xml:7:5-69:19
84        android:name="com.zoho.creator.a.ZCreatorApplication"
84-->src\main\AndroidManifest.xml:8:9-62
85        android:allowBackup="false"
85-->[com.zoho.creator:creator-ui:1.0] AndroidManifest.xml:34:70-97
86        android:configChanges="fontScale"
86-->[com.zoho.creator:creator-ui:1.0] AndroidManifest.xml:34:98-131
87        android:debuggable="true"
88        android:icon="@mipmap/ic_launcher"
88-->src\main\AndroidManifest.xml:9:9-43
89        android:label="@string/app_name"
89-->src\main\AndroidManifest.xml:10:9-41
90        android:supportsRtl="true"
90-->src\main\AndroidManifest.xml:11:9-35
91        android:testOnly="true"
92        android:theme="@style/Theme.AppCompat.Light.NoActionBar" >
92-->src\main\AndroidManifest.xml:12:9-65
93        <activity
93-->src\main\AndroidManifest.xml:14:9-17:52
94            android:name="com.example.zohocreatorsdk.sampleapp.MenuzActivity"
94-->src\main\AndroidManifest.xml:15:13-42
95            android:configChanges="keyboardHidden|orientation|screenSize"
95-->src\main\AndroidManifest.xml:16:13-74
96            android:screenOrientation="portrait" />
96-->src\main\AndroidManifest.xml:17:13-49
97        <activity
97-->src\main\AndroidManifest.xml:18:9-21:52
98            android:name="com.example.zohocreatorsdk.sampleapp.AddContactActivity"
98-->src\main\AndroidManifest.xml:19:13-47
99            android:configChanges="keyboardHidden|orientation|screenSize"
99-->src\main\AndroidManifest.xml:20:13-74
100            android:screenOrientation="portrait" />
100-->src\main\AndroidManifest.xml:21:13-49
101        <activity
101-->src\main\AndroidManifest.xml:22:9-25:52
102            android:name="com.example.zohocreatorsdk.sampleapp.ContactActivity"
102-->src\main\AndroidManifest.xml:23:13-44
103            android:configChanges="keyboardHidden|orientation|screenSize"
103-->src\main\AndroidManifest.xml:24:13-74
104            android:screenOrientation="portrait" />
104-->src\main\AndroidManifest.xml:25:13-49
105        <activity
105-->src\main\AndroidManifest.xml:26:9-29:52
106            android:name="com.example.zohocreatorsdk.sampleapp.TaskRecord"
106-->src\main\AndroidManifest.xml:27:13-39
107            android:configChanges="keyboardHidden|orientation|screenSize"
107-->src\main\AndroidManifest.xml:28:13-74
108            android:screenOrientation="portrait" />
108-->src\main\AndroidManifest.xml:29:13-49
109        <activity
109-->src\main\AndroidManifest.xml:30:9-33:52
110            android:name="com.example.zohocreatorsdk.sampleapp.HomeActivity"
110-->src\main\AndroidManifest.xml:31:13-41
111            android:configChanges="keyboardHidden|orientation|screenSize"
111-->src\main\AndroidManifest.xml:32:13-74
112            android:screenOrientation="portrait" />
112-->src\main\AndroidManifest.xml:33:13-49
113        <activity
113-->src\main\AndroidManifest.xml:34:9-37:52
114            android:name="com.example.zohocreatorsdk.sampleapp.ShuttleActivity"
114-->src\main\AndroidManifest.xml:35:13-44
115            android:configChanges="keyboardHidden|orientation|screenSize"
115-->src\main\AndroidManifest.xml:36:13-74
116            android:screenOrientation="portrait" />
116-->src\main\AndroidManifest.xml:37:13-49
117        <activity
117-->src\main\AndroidManifest.xml:38:9-41:52
118            android:name="com.example.zohocreatorsdk.sampleapp.SuppliesActivity"
118-->src\main\AndroidManifest.xml:39:13-45
119            android:configChanges="keyboardHidden|orientation|screenSize"
119-->src\main\AndroidManifest.xml:40:13-74
120            android:screenOrientation="portrait" />
120-->src\main\AndroidManifest.xml:41:13-49
121        <activity
121-->src\main\AndroidManifest.xml:42:9-45:52
122            android:name="com.example.zohocreatorsdk.sampleapp.CanteenActivity"
122-->src\main\AndroidManifest.xml:43:13-44
123            android:configChanges="keyboardHidden|orientation|screenSize"
123-->src\main\AndroidManifest.xml:44:13-74
124            android:screenOrientation="portrait" />
124-->src\main\AndroidManifest.xml:45:13-49
125        <activity
125-->src\main\AndroidManifest.xml:46:9-49:52
126            android:name="com.example.zohocreatorsdk.sampleapp.ComplaintsActivity"
126-->src\main\AndroidManifest.xml:47:13-47
127            android:configChanges="keyboardHidden|orientation|screenSize"
127-->src\main\AndroidManifest.xml:48:13-74
128            android:screenOrientation="portrait" />
128-->src\main\AndroidManifest.xml:49:13-49
129        <activity
129-->src\main\AndroidManifest.xml:50:9-59:20
130            android:name="com.example.zohocreatorsdk.sampleapp.LauncherActivity"
130-->src\main\AndroidManifest.xml:51:13-45
131            android:configChanges="keyboardHidden|orientation|screenSize"
131-->src\main\AndroidManifest.xml:52:13-74
132            android:screenOrientation="portrait" >
132-->src\main\AndroidManifest.xml:53:13-49
133            <intent-filter>
133-->src\main\AndroidManifest.xml:54:13-58:29
134                <action android:name="android.intent.action.MAIN" />
134-->src\main\AndroidManifest.xml:55:17-69
134-->src\main\AndroidManifest.xml:55:25-66
135
136                <category android:name="android.intent.category.LAUNCHER" />
136-->src\main\AndroidManifest.xml:57:17-77
136-->src\main\AndroidManifest.xml:57:27-74
137            </intent-filter>
138        </activity>
139        <activity android:name="com.example.zohocreatorsdk.sampleapp.HandleRedirectActivity" >
139-->src\main\AndroidManifest.xml:60:9-68:20
139-->src\main\AndroidManifest.xml:60:19-57
140            <intent-filter>
140-->src\main\AndroidManifest.xml:61:13-67:29
141                <action android:name="android.intent.action.VIEW" />
141-->src\main\AndroidManifest.xml:62:17-69
141-->src\main\AndroidManifest.xml:62:25-66
142
143                <category android:name="android.intent.category.DEFAULT" />
143-->src\main\AndroidManifest.xml:63:17-76
143-->src\main\AndroidManifest.xml:63:27-73
144                <category android:name="android.intent.category.BROWSABLE" />
144-->src\main\AndroidManifest.xml:64:17-78
144-->src\main\AndroidManifest.xml:64:27-75
145
146                <data android:scheme="@string/redir_url_for_manifest" />
146-->src\main\AndroidManifest.xml:65:17-73
146-->src\main\AndroidManifest.xml:65:23-70
147            </intent-filter>
148        </activity>
149        <activity
149-->[com.zoho.creator:creator-ui:1.0] AndroidManifest.xml:35:5-261
150            android:name="com.zoho.creator.a.SplashScreen"
150-->[com.zoho.creator:creator-ui:1.0] AndroidManifest.xml:35:15-61
151            android:configChanges="orientation|keyboardHidden|screenSize|fontScale"
151-->[com.zoho.creator:creator-ui:1.0] AndroidManifest.xml:35:62-133
152            android:label="@string/ui.label.appname"
152-->[com.zoho.creator:creator-ui:1.0] AndroidManifest.xml:35:134-174
153            android:theme="@style/ZohoCreatorNewTheme"
153-->[com.zoho.creator:creator-ui:1.0] AndroidManifest.xml:35:175-217
154            android:windowSoftInputMode="stateHidden" />
154-->[com.zoho.creator:creator-ui:1.0] AndroidManifest.xml:35:218-259
155        <activity
155-->[com.zoho.creator:creator-ui:1.0] AndroidManifest.xml:36:5-178
156            android:name="com.zoho.creator.a.DialogActivity"
156-->[com.zoho.creator:creator-ui:1.0] AndroidManifest.xml:36:15-63
157            android:configChanges="orientation|keyboardHidden|screenSize|fontScale"
157-->[com.zoho.creator:creator-ui:1.0] AndroidManifest.xml:36:64-135
158            android:theme="@style/Theme.Transparent" />
158-->[com.zoho.creator:creator-ui:1.0] AndroidManifest.xml:36:136-176
159        <activity
159-->[com.zoho.creator:creator-ui:1.0] AndroidManifest.xml:37:5-187
160            android:name="com.zoho.creator.a.DeleteAccessedComponents"
160-->[com.zoho.creator:creator-ui:1.0] AndroidManifest.xml:37:15-73
161            android:configChanges="orientation|keyboardHidden|screenSize|fontScale"
161-->[com.zoho.creator:creator-ui:1.0] AndroidManifest.xml:37:74-145
162            android:theme="@style/ZohoCreatorTheme" />
162-->[com.zoho.creator:creator-ui:1.0] AndroidManifest.xml:37:146-185
163        <activity
163-->[com.zoho.creator:creator-ui:1.0] AndroidManifest.xml:38:5-188
164            android:name="com.zoho.creator.a.SignatureFieldActivity"
164-->[com.zoho.creator:creator-ui:1.0] AndroidManifest.xml:38:15-71
165            android:configChanges="orientation|keyboardHidden|screenSize|fontScale"
165-->[com.zoho.creator:creator-ui:1.0] AndroidManifest.xml:38:72-143
166            android:theme="@style/ZohoCreatorNewTheme" />
166-->[com.zoho.creator:creator-ui:1.0] AndroidManifest.xml:38:144-186
167        <activity
167-->[com.zoho.creator:creator-ui:1.0] AndroidManifest.xml:39:5-199
168            android:name="com.zoho.creator.a.ApplicationSettingsActivity"
168-->[com.zoho.creator:creator-ui:1.0] AndroidManifest.xml:39:15-76
169            android:configChanges="orientation|keyboardHidden|screenSize|fontScale"
169-->[com.zoho.creator:creator-ui:1.0] AndroidManifest.xml:39:77-148
170            android:theme="@style/SlidingDraweActivityTheme" />
170-->[com.zoho.creator:creator-ui:1.0] AndroidManifest.xml:39:149-197
171        <activity
171-->[com.zoho.creator:creator-ui:1.0] AndroidManifest.xml:40:5-184
172            android:name="com.zoho.creator.a.FormActivity"
172-->[com.zoho.creator:creator-ui:1.0] AndroidManifest.xml:40:15-61
173            android:configChanges="orientation|keyboardHidden|screenSize|fontScale"
173-->[com.zoho.creator:creator-ui:1.0] AndroidManifest.xml:40:62-133
174            android:theme="@style/SlidingDraweActivityTheme" />
174-->[com.zoho.creator:creator-ui:1.0] AndroidManifest.xml:40:134-182
175        <activity
175-->[com.zoho.creator:creator-ui:1.0] AndroidManifest.xml:41:5-251
176            android:name="com.zoho.creator.a.ListReportActivity"
176-->[com.zoho.creator:creator-ui:1.0] AndroidManifest.xml:41:15-67
177            android:configChanges="orientation|keyboardHidden|screenSize|fontScale"
177-->[com.zoho.creator:creator-ui:1.0] AndroidManifest.xml:41:68-139
178            android:label=""
178-->[com.zoho.creator:creator-ui:1.0] AndroidManifest.xml:41:140-156
179            android:theme="@style/SlidingDraweActivityTheme"
179-->[com.zoho.creator:creator-ui:1.0] AndroidManifest.xml:41:157-205
180            android:windowSoftInputMode="adjustNothing" />
180-->[com.zoho.creator:creator-ui:1.0] AndroidManifest.xml:41:206-249
181        <activity
181-->[com.zoho.creator:creator-ui:1.0] AndroidManifest.xml:42:5-185
182            android:name="com.zoho.creator.a.DetailViewListActivity"
182-->[com.zoho.creator:creator-ui:1.0] AndroidManifest.xml:42:15-71
183            android:configChanges="orientation|keyboardHidden|screenSize|fontScale"
183-->[com.zoho.creator:creator-ui:1.0] AndroidManifest.xml:42:72-143
184            android:theme="@style/ZohoCreatorTheme" />
184-->[com.zoho.creator:creator-ui:1.0] AndroidManifest.xml:42:144-183
185        <activity
185-->[com.zoho.creator:creator-ui:1.0] AndroidManifest.xml:43:5-186
186            android:name="com.zoho.creator.a.ApprovalSummaryActivity"
186-->[com.zoho.creator:creator-ui:1.0] AndroidManifest.xml:43:15-72
187            android:configChanges="orientation|keyboardHidden|screenSize|fontScale"
187-->[com.zoho.creator:creator-ui:1.0] AndroidManifest.xml:43:73-144
188            android:theme="@style/ZohoCreatorTheme" />
188-->[com.zoho.creator:creator-ui:1.0] AndroidManifest.xml:43:145-184
189        <activity
189-->[com.zoho.creator:creator-ui:1.0] AndroidManifest.xml:44:5-189
190            android:name="com.zoho.creator.a.PivotViewActivity"
190-->[com.zoho.creator:creator-ui:1.0] AndroidManifest.xml:44:15-66
191            android:configChanges="orientation|keyboardHidden|screenSize|fontScale"
191-->[com.zoho.creator:creator-ui:1.0] AndroidManifest.xml:44:67-138
192            android:theme="@style/SlidingDraweActivityTheme" />
192-->[com.zoho.creator:creator-ui:1.0] AndroidManifest.xml:44:139-187
193        <activity
193-->[com.zoho.creator:creator-ui:1.0] AndroidManifest.xml:45:5-185
194            android:name="com.zoho.creator.a.MultiSearchFeildSelect"
194-->[com.zoho.creator:creator-ui:1.0] AndroidManifest.xml:45:15-71
195            android:configChanges="orientation|keyboardHidden|screenSize|fontScale"
195-->[com.zoho.creator:creator-ui:1.0] AndroidManifest.xml:45:72-143
196            android:theme="@style/ZohoCreatorTheme" />
196-->[com.zoho.creator:creator-ui:1.0] AndroidManifest.xml:45:144-183
197        <activity
197-->[com.zoho.creator:creator-ui:1.0] AndroidManifest.xml:46:5-189
198            android:name="com.zoho.creator.a.MultiSearchConditionSelect"
198-->[com.zoho.creator:creator-ui:1.0] AndroidManifest.xml:46:15-75
199            android:configChanges="orientation|keyboardHidden|screenSize|fontScale"
199-->[com.zoho.creator:creator-ui:1.0] AndroidManifest.xml:46:76-147
200            android:theme="@style/ZohoCreatorTheme" />
200-->[com.zoho.creator:creator-ui:1.0] AndroidManifest.xml:46:148-187
201        <activity
201-->[com.zoho.creator:creator-ui:1.0] AndroidManifest.xml:47:5-185
202            android:name="com.zoho.creator.a.MultiSelectActivity"
202-->[com.zoho.creator:creator-ui:1.0] AndroidManifest.xml:47:15-68
203            android:configChanges="orientation|keyboardHidden|screenSize|fontScale"
203-->[com.zoho.creator:creator-ui:1.0] AndroidManifest.xml:47:69-140
204            android:theme="@style/ZohoCreatorNewTheme" />
204-->[com.zoho.creator:creator-ui:1.0] AndroidManifest.xml:47:141-183
205        <activity
205-->[com.zoho.creator:creator-ui:1.0] AndroidManifest.xml:48:5-184
206            android:name="com.zoho.creator.a.MultiSelectedActivity"
206-->[com.zoho.creator:creator-ui:1.0] AndroidManifest.xml:48:15-70
207            android:configChanges="orientation|keyboardHidden|screenSize|fontScale"
207-->[com.zoho.creator:creator-ui:1.0] AndroidManifest.xml:48:71-142
208            android:theme="@style/ZohoCreatorTheme" />
208-->[com.zoho.creator:creator-ui:1.0] AndroidManifest.xml:48:143-182
209        <activity
209-->[com.zoho.creator:creator-ui:1.0] AndroidManifest.xml:49:5-191
210            android:name="com.zoho.creator.a.DeleteMultipleChoiceActivity"
210-->[com.zoho.creator:creator-ui:1.0] AndroidManifest.xml:49:15-77
211            android:configChanges="orientation|keyboardHidden|screenSize|fontScale"
211-->[com.zoho.creator:creator-ui:1.0] AndroidManifest.xml:49:78-149
212            android:theme="@style/ZohoCreatorTheme" />
212-->[com.zoho.creator:creator-ui:1.0] AndroidManifest.xml:49:150-189
213        <activity
213-->[com.zoho.creator:creator-ui:1.0] AndroidManifest.xml:50:5-222
214            android:name="com.zoho.creator.a.SUBFormRecordListingActivity"
214-->[com.zoho.creator:creator-ui:1.0] AndroidManifest.xml:50:15-77
215            android:configChanges="orientation|keyboardHidden|screenSize|fontScale"
215-->[com.zoho.creator:creator-ui:1.0] AndroidManifest.xml:50:78-149
216            android:label="SUBFormListing"
216-->[com.zoho.creator:creator-ui:1.0] AndroidManifest.xml:50:150-180
217            android:theme="@style/ZohoCreatorTheme" />
217-->[com.zoho.creator:creator-ui:1.0] AndroidManifest.xml:50:181-220
218        <activity
218-->[com.zoho.creator:creator-ui:1.0] AndroidManifest.xml:51:5-179
219            android:name="com.zoho.creator.a.BulkEditActivity"
219-->[com.zoho.creator:creator-ui:1.0] AndroidManifest.xml:51:15-65
220            android:configChanges="orientation|keyboardHidden|screenSize|fontScale"
220-->[com.zoho.creator:creator-ui:1.0] AndroidManifest.xml:51:66-137
221            android:theme="@style/ZohoCreatorTheme" />
221-->[com.zoho.creator:creator-ui:1.0] AndroidManifest.xml:51:138-177
222        <activity
222-->[com.zoho.creator:creator-ui:1.0] AndroidManifest.xml:52:5-256
223            android:name="com.zoho.creator.a.CalenderActivity"
223-->[com.zoho.creator:creator-ui:1.0] AndroidManifest.xml:52:15-65
224            android:configChanges="orientation|keyboardHidden|screenSize|fontScale"
224-->[com.zoho.creator:creator-ui:1.0] AndroidManifest.xml:52:66-137
225            android:label="CalenderActivity"
225-->[com.zoho.creator:creator-ui:1.0] AndroidManifest.xml:52:138-170
226            android:theme="@style/ZohoCreatorTheme"
226-->[com.zoho.creator:creator-ui:1.0] AndroidManifest.xml:52:171-210
227            android:windowSoftInputMode="adjustNothing" />
227-->[com.zoho.creator:creator-ui:1.0] AndroidManifest.xml:52:211-254
228        <activity
228-->[com.zoho.creator:creator-ui:1.0] AndroidManifest.xml:53:5-137
229            android:name="com.zoho.creator.a.GBSUBFormActivity"
229-->[com.zoho.creator:creator-ui:1.0] AndroidManifest.xml:53:15-66
230            android:label="GBRecordsActivity"
230-->[com.zoho.creator:creator-ui:1.0] AndroidManifest.xml:53:67-100
231            android:theme="@style/CustomTheme" />
231-->[com.zoho.creator:creator-ui:1.0] AndroidManifest.xml:53:101-135
232        <activity
232-->[com.zoho.creator:creator-ui:1.0] AndroidManifest.xml:54:5-184
233            android:name="com.zoho.creator.a.CalendarRecordsAction"
233-->[com.zoho.creator:creator-ui:1.0] AndroidManifest.xml:54:15-70
234            android:configChanges="orientation|keyboardHidden|screenSize|fontScale"
234-->[com.zoho.creator:creator-ui:1.0] AndroidManifest.xml:54:71-142
235            android:theme="@style/ZohoCreatorTheme" />
235-->[com.zoho.creator:creator-ui:1.0] AndroidManifest.xml:54:143-182
236        <activity
236-->[com.zoho.creator:creator-ui:1.0] AndroidManifest.xml:55:5-221
237            android:name="com.zoho.creator.a.HTMLViewActivity"
237-->[com.zoho.creator:creator-ui:1.0] AndroidManifest.xml:55:15-65
238            android:configChanges="orientation|keyboardHidden|screenSize|fontScale"
238-->[com.zoho.creator:creator-ui:1.0] AndroidManifest.xml:55:66-137
239            android:label="HTMLViewActivity"
239-->[com.zoho.creator:creator-ui:1.0] AndroidManifest.xml:55:138-170
240            android:theme="@style/SlidingDraweActivityTheme" />
240-->[com.zoho.creator:creator-ui:1.0] AndroidManifest.xml:55:171-219
241        <activity
241-->[com.zoho.creator:creator-ui:1.0] AndroidManifest.xml:56:5-182
242            android:name="com.zoho.creator.a.LoadWebViewActivity"
242-->[com.zoho.creator:creator-ui:1.0] AndroidManifest.xml:56:15-68
243            android:configChanges="orientation|keyboardHidden|screenSize|fontScale"
243-->[com.zoho.creator:creator-ui:1.0] AndroidManifest.xml:56:69-140
244            android:theme="@style/ZohoCreatorTheme" />
244-->[com.zoho.creator:creator-ui:1.0] AndroidManifest.xml:56:141-180
245        <activity
245-->[com.zoho.creator:creator-ui:1.0] AndroidManifest.xml:57:5-110
246            android:name="com.zoho.creator.a.CustomFiltersActivity"
246-->[com.zoho.creator:creator-ui:1.0] AndroidManifest.xml:57:15-70
247            android:label="CustomFiltersActivity" />
247-->[com.zoho.creator:creator-ui:1.0] AndroidManifest.xml:57:71-108
248        <activity
248-->[com.zoho.creator:creator-ui:1.0] AndroidManifest.xml:58:5-179
249            android:name="com.zoho.creator.a.ZohoCreatorLogin"
249-->[com.zoho.creator:creator-ui:1.0] AndroidManifest.xml:58:15-65
250            android:configChanges="orientation|keyboardHidden|screenSize|fontScale"
250-->[com.zoho.creator:creator-ui:1.0] AndroidManifest.xml:58:66-137
251            android:theme="@style/ZohoCreatorTheme" />
251-->[com.zoho.creator:creator-ui:1.0] AndroidManifest.xml:58:138-177
252        <activity
252-->[com.zoho.creator:creator-ui:1.0] AndroidManifest.xml:59:5-192
253            android:name="com.zoho.creator.a.SingleSelectChoiceActivity"
253-->[com.zoho.creator:creator-ui:1.0] AndroidManifest.xml:59:15-75